Information: Updating design information... (UID-85)
 
****************************************
Report : timing
        -path full
        -delay max
        -max_paths 1
Design : arbiter
Version: S-2021.06-SP3
Date   : Tue Oct 10 13:14:17 2023
****************************************

Operating Conditions: slow   Library: NangateOpenCellLibrary_PDKv1_2_v2008_10_slow_nldm
Wire Load Model Mode: top

  Startpoint: current_state_reg[1]
              (rising edge-triggered flip-flop clocked by clock)
  Endpoint: current_state_reg[0]
            (rising edge-triggered flip-flop clocked by clock)
  Path Group: clock
  Path Type: max

  Point                                    Incr       Path
  -----------------------------------------------------------
  clock clock (rise edge)                0.0000     0.0000
  clock network delay (ideal)            0.0000     0.0000
  current_state_reg[1]/CK (DFFR_X1)      0.0000     0.0000 r
  current_state_reg[1]/Q (DFFR_X1)       0.7029     0.7029 f
  U31/ZN (NOR2_X1)                       0.2563     0.9593 r
  U32/ZN (OAI21_X1)                      0.1625     1.1218 f
  U27/ZN (AOI211_X2)                     1.0376     2.1594 r
  U34/ZN (AOI21_X1)                      0.2976     2.4569 f
  U36/ZN (NAND2_X1)                      0.2269     2.6838 r
  U38/ZN (NAND2_X1)                      0.0951     2.7789 f
  U40/ZN (OAI22_X1)                      0.2980     3.0768 r
  current_state_reg[0]/D (DFFS_X1)       0.0000     3.0768 r
  data arrival time                                 3.0768

  clock clock (rise edge)               10.0000    10.0000
  clock network delay (ideal)            0.0000    10.0000
  clock uncertainty                     -0.0500     9.9500
  current_state_reg[0]/CK (DFFS_X1)      0.0000     9.9500 r
  library setup time                    -0.3036     9.6464
  data required time                                9.6464
  -----------------------------------------------------------
  data required time                                9.6464
  data arrival time                                -3.0768
  -----------------------------------------------------------
  slack (MET)                                       6.5696


1
