Information: Updating design information... (UID-85)
 
****************************************
Report : timing
        -path full
        -delay max
        -max_paths 1
Design : MyDesign
Version: T-2022.03-SP4
Date   : Thu Nov 16 10:47:41 2023
****************************************

Operating Conditions: slow   Library: NangateOpenCellLibrary_PDKv1_2_v2008_10_slow_nldm
Wire Load Model Mode: top

  Startpoint: inst_c_reg[23]
              (rising edge-triggered flip-flop clocked by clk)
  Endpoint: new_c_reg[62]
            (rising edge-triggered flip-flop clocked by clk)
  Path Group: clk
  Path Type: max

  Point                                    Incr       Path
  -----------------------------------------------------------
  clock clk (rise edge)                  0.0000     0.0000
  clock network delay (ideal)            0.0000     0.0000
  inst_c_reg[23]/CK (DFF_X1)             0.0000     0.0000 r
  inst_c_reg[23]/Q (DFF_X1)              0.6206     0.6206 f
  U5826/ZN (NOR2_X1)                     0.2195     0.8401 r
  U5827/ZN (NAND3_X1)                    0.0898     0.9299 f
  U5828/ZN (NOR2_X1)                     0.2065     1.1364 r
  U3016/ZN (AND4_X1)                     0.2379     1.3744 r
  U3002/ZN (AND3_X1)                     0.2366     1.6109 r
  U5858/ZN (NOR2_X1)                     0.0850     1.6960 f
  U2994/ZN (INV_X1)                      0.2716     1.9676 r
  U6018/S (FA_X1)                        0.7498     2.7173 f
  U6050/CO (FA_X1)                       0.5161     3.2334 f
  U6054/CO (FA_X1)                       0.5172     3.7507 f
  U6062/CO (FA_X1)                       0.5172     4.2679 f
  U6067/CO (FA_X1)                       0.5172     4.7851 f
  U6100/CO (FA_X1)                       0.5172     5.3024 f
  U6046/CO (FA_X1)                       0.5172     5.8196 f
  U6031/CO (FA_X1)                       0.4882     6.3078 f
  U6032/Z (XOR2_X1)                      0.2828     6.5907 r
  U6035/ZN (NAND2_X1)                    0.0972     6.6879 f
  U6036/ZN (NOR2_X1)                     0.4514     7.1392 r
  U6041/ZN (NOR2_X1)                     0.1254     7.2646 f
  U8331/ZN (INV_X1)                      0.1028     7.3675 r
  U8332/ZN (NOR2_X1)                     0.0807     7.4482 f
  U8333/ZN (INV_X4)                      0.3591     7.8072 r
  U8334/ZN (OR2_X2)                      0.4414     8.2487 r
  U4196/ZN (OR2_X1)                      0.6477     8.8963 r
  U4200/ZN (INV_X1)                      0.3046     9.2009 f
  U10232/ZN (AOI22_X1)                   0.5098     9.7107 r
  U10234/ZN (OAI211_X1)                  0.2500     9.9607 f
  U10412/S (FA_X1)                       0.6925    10.6532 f
  U10414/ZN (NOR2_X1)                    0.2489    10.9021 r
  U10964/ZN (OAI21_X1)                   0.1284    11.0304 f
  U10965/ZN (AOI21_X1)                   0.3050    11.3354 r
  U10966/ZN (OAI21_X1)                   0.1314    11.4668 f
  U10967/ZN (AOI21_X1)                   0.3788    11.8456 r
  U10968/ZN (OAI21_X1)                   0.1831    12.0287 f
  U10979/ZN (AOI21_X1)                   0.2448    12.2735 r
  U11831/ZN (OAI21_X1)                   0.1445    12.4179 f
  U2321/ZN (AOI21_X2)                    0.3252    12.7431 r
  U12582/ZN (OAI21_X1)                   0.1410    12.8841 f
  U12601/ZN (AOI21_X1)                   0.2889    13.1730 r
  U12607/ZN (OAI21_X1)                   0.1847    13.3577 f
  U2333/ZN (AOI21_X2)                    0.2143    13.5719 r
  U2334/ZN (INV_X4)                      0.0562    13.6281 f
  U12631/CO (FA_X1)                      0.4832    14.1113 f
  U12639/CO (FA_X1)                      0.5172    14.6286 f
  U12649/CO (FA_X1)                      0.5241    15.1527 f
  U2308/ZN (NAND2_X2)                    0.1339    15.2866 r
  U2306/ZN (NAND2_X2)                    0.0717    15.3583 f
  U12659/CO (FA_X1)                      0.4800    15.8383 f
  U12661/CO (FA_X1)                      0.4850    16.3233 f
  U12663/ZN (XNOR2_X1)                   0.4161    16.7394 r
  U2323/ZN (INV_X4)                      0.1070    16.8464 f
  U12664/ZN (XNOR2_X1)                   0.2699    17.1163 f
  U12665/ZN (NOR2_X1)                    0.2422    17.3586 r
  U12666/ZN (NAND2_X1)                   0.1124    17.4710 f
  U13065/ZN (AOI21_X1)                   0.3692    17.8402 r
  U13066/ZN (OAI21_X1)                   0.1714    18.0116 f
  U13067/ZN (AOI21_X1)                   0.3749    18.3865 r
  U13068/ZN (OAI21_X1)                   0.2594    18.6459 f
  U2442/ZN (INV_X1)                      0.5521    19.1981 r
  U2693/ZN (OR2_X2)                      0.2495    19.4475 r
  U13427/ZN (NAND2_X1)                   0.0696    19.5172 f
  U13428/ZN (XNOR2_X1)                   0.4698    19.9869 r
  U2685/ZN (INV_X1)                      0.1496    20.1366 f
  U13429/S (FA_X1)                       0.7073    20.8439 f
  U13449/CO (FA_X1)                      0.6179    21.4618 f
  U13448/CO (FA_X1)                      0.6017    22.0635 f
  U13447/CO (FA_X1)                      0.5172    22.5808 f
  U13446/CO (FA_X1)                      0.5172    23.0980 f
  U13444/CO (FA_X1)                      0.5238    23.6218 f
  U2376/ZN (NAND2_X1)                    0.2115    23.8333 r
  U2324/ZN (NAND3_X2)                    0.1172    23.9505 f
  U13442/CO (FA_X1)                      0.4889    24.4394 f
  U13441/CO (FA_X1)                      0.5172    24.9566 f
  U13486/S (FA_X1)                       0.7806    25.7372 r
  U2304/ZN (NOR2_X2)                     0.0976    25.8348 f
  U13483/ZN (NOR2_X1)                    0.3711    26.2059 r
  U2675/ZN (INV_X1)                      0.1048    26.3106 f
  U13574/ZN (OAI21_X1)                   0.4105    26.7211 r
  U2302/ZN (INV_X4)                      0.0309    26.7520 f
  U2289/ZN (OAI21_X1)                    0.4194    27.1714 r
  U3614/ZN (NAND2_X2)                    0.3186    27.4900 f
  U4816/ZN (INV_X1)                      0.6378    28.1278 r
  U4589/ZN (AND2_X1)                     0.6655    28.7933 r
  U2662/ZN (INV_X1)                      0.1480    28.9413 f
  U4573/ZN (OR2_X1)                      0.3206    29.2619 f
  U16758/ZN (NAND3_X1)                   0.3137    29.5756 r
  U16759/ZN (NAND2_X1)                   0.1065    29.6821 f
  U2605/ZN (AND4_X1)                     0.4300    30.1120 f
  U2588/ZN (OR2_X1)                      0.2119    30.3239 f
  U2580/ZN (AND2_X2)                     0.2065    30.5304 f
  U17546/ZN (NAND3_X1)                   0.1105    30.6409 r
  U17547/ZN (NOR2_X1)                    0.0966    30.7374 f
  U17548/ZN (AND3_X1)                    0.2914    31.0288 f
  U2539/ZN (AND4_X1)                     0.3804    31.4092 f
  U2536/ZN (AND3_X1)                     0.2666    31.6758 f
  U17666/ZN (AOI21_X1)                   0.3045    31.9803 r
  U2535/ZN (AND3_X1)                     0.5814    32.5617 r
  U18023/ZN (AOI21_X1)                   0.1754    32.7370 f
  U18024/Z (XOR2_X1)                     0.3958    33.1328 f
  U4691/ZN (OR2_X1)                      0.2160    33.3488 f
  U18070/ZN (AOI22_X1)                   0.4345    33.7833 r
  U18074/ZN (OAI22_X1)                   0.2170    34.0002 f
  new_c_reg[62]/D (DFF_X1)               0.0000    34.0002 f
  data arrival time                                34.0002

  clock clk (rise edge)                 35.0000    35.0000
  clock network delay (ideal)            0.0000    35.0000
  clock uncertainty                     -0.0500    34.9500
  new_c_reg[62]/CK (DFF_X1)              0.0000    34.9500 r
  library setup time                    -0.3584    34.5916
  data required time                               34.5916
  -----------------------------------------------------------
  data required time                               34.5916
  data arrival time                               -34.0002
  -----------------------------------------------------------
  slack (MET)                                       0.5914


1
