Information: Updating design information... (UID-85)
 
****************************************
Report : timing
        -path full
        -delay min
        -max_paths 1
Design : MyDesign
Version: T-2022.03-SP4
Date   : Thu Nov 16 10:47:51 2023
****************************************

Operating Conditions: fast   Library: NangateOpenCellLibrary_PDKv1_2_v2008_10_fast_nldm
Wire Load Model Mode: top

  Startpoint: m_reg_reg[9]
              (rising edge-triggered flip-flop clocked by clk)
  Endpoint: m_reg_reg[9]
            (rising edge-triggered flip-flop clocked by clk)
  Path Group: clk
  Path Type: min

  Point                                    Incr       Path
  -----------------------------------------------------------
  clock clk (rise edge)                  0.0000     0.0000
  clock network delay (ideal)            0.0000     0.0000
  m_reg_reg[9]/CK (DFF_X1)               0.0000     0.0000 r
  m_reg_reg[9]/Q (DFF_X1)                0.0546     0.0546 r
  U19787/ZN (OAI21_X1)                   0.0177     0.0723 f
  m_reg_reg[9]/D (DFF_X1)                0.0000     0.0723 f
  data arrival time                                 0.0723

  clock clk (rise edge)                  0.0000     0.0000
  clock network delay (ideal)            0.0000     0.0000
  clock uncertainty                      0.0500     0.0500
  m_reg_reg[9]/CK (DFF_X1)               0.0000     0.0500 r
  library hold time                      0.0006     0.0506
  data required time                                0.0506
  -----------------------------------------------------------
  data required time                                0.0506
  data arrival time                                -0.0723
  -----------------------------------------------------------
  slack (MET)                                       0.0218


1
